

*******************************************************************************
Fri Mar 25 12:50:44 2016


FIT:    data read from 'avSlopeByDimension_save.dat' u 1:($2/$4):3
        format = x:z:s
        #datapoints = 6
function used for fitting: f(x)
fitted parameters initialized with current variable values



 Iteration 0
 WSSR        : 62903.7           delta(WSSR)/WSSR   : 0
 delta(WSSR) : 0                 limit for stopping : 1e-05
 lambda	  : 69.1026

initial set of free parameter values

a               = 1
b               = 1

After 5 iterations the fit converged.
final sum of squares of residuals : 0.107784
rel. change during last iteration : -2.5845e-12

degrees of freedom    (FIT_NDF)                        : 4
rms of residuals      (FIT_STDFIT) = sqrt(WSSR/ndf)    : 0.164153
variance of residuals (reduced chisquare) = WSSR/ndf   : 0.0269461

Final set of parameters            Asymptotic Standard Error
=======================            ==========================

a               = -0.0262118       +/- 0.004567     (17.42%)
b               = 0.777837         +/- 0.0295       (3.793%)


correlation matrix of the fit parameters:

               a      b      
a               1.000 
b              -0.988  1.000 


*******************************************************************************
Sun Mar 27 16:27:27 2016


FIT:    data read from file
        format = z
        #datapoints = 1000
        residuals are weighted equally (unit weight)

function used for fitting: g(x)
fitted parameters initialized with current variable values

BREAK:          no parameter specified



*******************************************************************************
Sun Mar 27 16:27:53 2016


FIT:    data read from file u 5:2
        format = x:z
        #datapoints = 1000
        residuals are weighted equally (unit weight)

function used for fitting: g(x)
fitted parameters initialized with current variable values



 Iteration 0
 WSSR        : 1212.63           delta(WSSR)/WSSR   : 0
 delta(WSSR) : 0                 limit for stopping : 1e-05
 lambda	  : 1

initial set of free parameter values

y               = 1

After 3 iterations the fit converged.
final sum of squares of residuals : 0.0656895
rel. change during last iteration : -1.84391e-12

degrees of freedom    (FIT_NDF)                        : 999
rms of residuals      (FIT_STDFIT) = sqrt(WSSR/ndf)    : 0.00810896
variance of residuals (reduced chisquare) = WSSR/ndf   : 6.57553e-05

Final set of parameters            Asymptotic Standard Error
=======================            ==========================

y               = 2.10117          +/- 0.0002564    (0.0122%)


correlation matrix of the fit parameters:

               y      
y               1.000 


*******************************************************************************
Sun Mar 27 16:30:11 2016


FIT:    data read from file u 5:2
        format = x:z
        #datapoints = 100
        residuals are weighted equally (unit weight)

function used for fitting: g(x)
fitted parameters initialized with current variable values



 Iteration 0
 WSSR        : 0.363951          delta(WSSR)/WSSR   : 0
 delta(WSSR) : 0                 limit for stopping : 1e-05
 lambda	  : 1

initial set of free parameter values

y               = 2.10117

After 3 iterations the fit converged.
final sum of squares of residuals : 0.00224773
rel. change during last iteration : -1.57718e-10

degrees of freedom    (FIT_NDF)                        : 99
rms of residuals      (FIT_STDFIT) = sqrt(WSSR/ndf)    : 0.0047649
variance of residuals (reduced chisquare) = WSSR/ndf   : 2.27043e-05

Final set of parameters            Asymptotic Standard Error
=======================            ==========================

y               = 2.16131          +/- 0.0004765    (0.02205%)


correlation matrix of the fit parameters:

               y      
y               1.000 


*******************************************************************************
Sun Mar 27 16:32:36 2016


FIT:    data read from file u 5:2
        format = x:z
        #datapoints = 1000
        residuals are weighted equally (unit weight)

function used for fitting: g(x)
fitted parameters initialized with current variable values



 Iteration 0
 WSSR        : 3.68273           delta(WSSR)/WSSR   : 0
 delta(WSSR) : 0                 limit for stopping : 1e-05
 lambda	  : 1

initial set of free parameter values

y               = 2.16131

After 3 iterations the fit converged.
final sum of squares of residuals : 0.0656895
rel. change during last iteration : -2.95769e-15

degrees of freedom    (FIT_NDF)                        : 999
rms of residuals      (FIT_STDFIT) = sqrt(WSSR/ndf)    : 0.00810896
variance of residuals (reduced chisquare) = WSSR/ndf   : 6.57553e-05

Final set of parameters            Asymptotic Standard Error
=======================            ==========================

y               = 2.10117          +/- 0.0002564    (0.0122%)


correlation matrix of the fit parameters:

               y      
y               1.000 
